# JRE version: OpenJDK Runtime Environment (11.0.4+11) (build 11.0.4+11-post-Ubuntu-1ubuntu218.04.3)
# Java VM: OpenJDK 64-Bit Server VM (11.0.4+11-post-Ubuntu-1ubuntu218.04.3, mixed mode, sharing, tiered, compressed oops, g1 gc, linux-amd64)
Heap:
 garbage-first heap   total 864256K, used 311170K [0x00000000c3600000, 0x0000000100000000)
  region size 1024K, 2 young (2048K), 1 survivors (1024K)
 Metaspace       used 2911K, capacity 5925K, committed 6016K, reserved 1056768K
  class space    used 303K, capacity 605K, committed 640K, reserved 1048576K
GC Heap History (10 events):
Event: 0.677 GC heap before
{Heap before GC invocations=0 (full 0):
 garbage-first heap   total 65536K, used 7800K [0x00000000c3600000, 0x0000000100000000)
  region size 1024K, 7 young (7168K), 0 survivors (0K)
 Metaspace       used 2524K, capacity 5641K, committed 5760K, reserved 1056768K
  class space    used 281K, capacity 555K, committed 640K, reserved 1048576K
}
Event: 0.689 GC heap after
{Heap after GC invocations=1 (full 0):
 garbage-first heap   total 65536K, used 1708K [0x00000000c3600000, 0x0000000100000000)
  region size 1024K, 1 young (1024K), 1 survivors (1024K)
 Metaspace       used 2524K, capacity 5641K, committed 5760K, reserved 1056768K
  class space    used 281K, capacity 555K, committed 640K, reserved 1048576K
}
Event: 1.248 GC heap before
{Heap before GC invocations=1 (full 0):
 garbage-first heap   total 65536K, used 38572K [0x00000000c3600000, 0x0000000100000000)
  region size 1024K, 37 young (37888K), 1 survivors (1024K)
 Metaspace       used 2797K, capacity 5813K, committed 6016K, reserved 1056768K
  class space    used 293K, capacity 590K, committed 640K, reserved 1048576K
}
Event: 1.254 GC heap after
{Heap after GC invocations=2 (full 0):
 garbage-first heap   total 65536K, used 1895K [0x00000000c3600000, 0x0000000100000000)
  region size 1024K, 2 young (2048K), 2 survivors (2048K)
 Metaspace       used 2797K, capacity 5813K, committed 6016K, reserved 1056768K
  class space    used 293K, capacity 590K, committed 640K, reserved 1048576K
}
Event: 1.523 GC heap before
{Heap before GC invocations=2 (full 0):
 garbage-first heap   total 65536K, used 26471K [0x00000000c3600000, 0x0000000100000000)
  region size 1024K, 14 young (14336K), 2 survivors (2048K)
 Metaspace       used 2911K, capacity 5925K, committed 6016K, reserved 1056768K
  class space    used 303K, capacity 605K, committed 640K, reserved 1048576K
}
Event: 1.530 GC heap after
{Heap after GC invocations=3 (full 0):
 garbage-first heap   total 65536K, used 16263K [0x00000000c3600000, 0x0000000100000000)
  region size 1024K, 2 young (2048K), 2 survivors (2048K)
 Metaspace       used 2911K, capacity 5925K, committed 6016K, reserved 1056768K
  class space    used 303K, capacity 605K, committed 640K, reserved 1048576K
}
Event: 1.584 GC heap before
{Heap before GC invocations=4 (full 0):
 garbage-first heap   total 92160K, used 49031K [0x00000000c3600000, 0x0000000100000000)
  region size 1024K, 3 young (3072K), 2 survivors (2048K)
 Metaspace       used 2911K, capacity 5925K, committed 6016K, reserved 1056768K
  class space    used 303K, capacity 605K, committed 640K, reserved 1048576K
}
Event: 1.594 GC heap after
{Heap after GC invocations=5 (full 0):
 garbage-first heap   total 92160K, used 48921K [0x00000000c3600000, 0x0000000100000000)
  region size 1024K, 2 young (2048K), 2 survivors (2048K)
 Metaspace       used 2911K, capacity 5925K, committed 6016K, reserved 1056768K
  class space    used 303K, capacity 605K, committed 640K, reserved 1048576K
}
Event: 1.888 GC heap before
{Heap before GC invocations=6 (full 0):
 garbage-first heap   total 247808K, used 184089K [0x00000000c3600000, 0x0000000100000000)
  region size 1024K, 3 young (3072K), 2 survivors (2048K)
 Metaspace       used 2911K, capacity 5925K, committed 6016K, reserved 1056768K
  class space    used 303K, capacity 605K, committed 640K, reserved 1048576K
}
Event: 1.948 GC heap after
{Heap after GC invocations=7 (full 0):
 garbage-first heap   total 247808K, used 184194K [0x00000000c3600000, 0x0000000100000000)
  region size 1024K, 1 young (1024K), 1 survivors (1024K)
 Metaspace       used 2911K, capacity 5925K, committed 6016K, reserved 1056768K
  class space    used 303K, capacity 605K, committed 640K, reserved 1048576K
}

